2012-11-23T14:38:09+00:00 ERR (3): 
exception 'Mage_Core_Exception' with message 'Invalid block type: Mage_Widgets_Block_Galery' in X:\home\magento.loc\www\egraphic-1-7-2\app\Mage.php:594
Stack trace:
#0 X:\home\magento.loc\www\egraphic-1-7-2\app\code\core\Mage\Core\Model\Layout.php(495): Mage::throwException('Invalid block t...')
#1 X:\home\magento.loc\www\egraphic-1-7-2\app\code\core\Mage\Core\Model\Layout.php(437): Mage_Core_Model_Layout->_getBlockInstance('widgets/galery', Array)
#2 X:\home\magento.loc\www\egraphic-1-7-2\app\code\core\Mage\Core\Model\Email\Template\Filter.php(164): Mage_Core_Model_Layout->createBlock('widgets/galery', NULL, Array)
#3 [internal function]: Mage_Core_Model_Email_Template_Filter->blockDirective(Array)
#4 X:\home\magento.loc\www\egraphic-1-7-2\lib\Varien\Filter\Template.php(134): call_user_func(Array, Array)
#5 X:\home\magento.loc\www\egraphic-1-7-2\app\code\core\Mage\Core\Model\Email\Template\Filter.php(502): Varien_Filter_Template->filter('{{block type="w...')
#6 X:\home\magento.loc\www\egraphic-1-7-2\app\code\core\Mage\Cms\Block\Page.php(100): Mage_Core_Model_Email_Template_Filter->filter('{{block type="w...')
#7 X:\home\magento.loc\www\egraphic-1-7-2\app\code\core\Mage\Core\Block\Abstract.php(863): Mage_Cms_Block_Page->_toHtml()
#8 X:\home\magento.loc\www\egraphic-1-7-2\app\code\core\Mage\Core\Block\Abstract.php(582): Mage_Core_Block_Abstract->toHtml()
#9 X:\home\magento.loc\www\egraphic-1-7-2\app\code\core\Mage\Core\Block\Abstract.php(522): Mage_Core_Block_Abstract->_getChildHtml('cms_page', true)
#10 X:\home\magento.loc\www\egraphic-1-7-2\app\code\core\Mage\Page\Block\Html\Wrapper.php(52): Mage_Core_Block_Abstract->getChildHtml('', true, true)
#11 X:\home\magento.loc\www\egraphic-1-7-2\app\code\core\Mage\Core\Block\Abstract.php(863): Mage_Page_Block_Html_Wrapper->_toHtml()
#12 X:\home\magento.loc\www\egraphic-1-7-2\app\code\core\Mage\Core\Block\Text\List.php(43): Mage_Core_Block_Abstract->toHtml()
#13 X:\home\magento.loc\www\egraphic-1-7-2\app\code\core\Mage\Core\Block\Abstract.php(863): Mage_Core_Block_Text_List->_toHtml()
#14 X:\home\magento.loc\www\egraphic-1-7-2\app\code\core\Mage\Core\Block\Abstract.php(582): Mage_Core_Block_Abstract->toHtml()
#15 X:\home\magento.loc\www\egraphic-1-7-2\app\code\core\Mage\Core\Block\Abstract.php(526): Mage_Core_Block_Abstract->_getChildHtml('content', true)
#16 X:\home\magento.loc\www\egraphic-1-7-2\app\design\frontend\base\default\template\page\1column.phtml(48): Mage_Core_Block_Abstract->getChildHtml('content')
#17 X:\home\magento.loc\www\egraphic-1-7-2\app\code\core\Mage\Core\Block\Template.php(241): include('X:\home\magento...')
#18 X:\home\magento.loc\www\egraphic-1-7-2\app\code\core\Mage\Core\Block\Template.php(272): Mage_Core_Block_Template->fetchView('frontend\base\d...')
#19 X:\home\magento.loc\www\egraphic-1-7-2\app\code\core\Mage\Core\Block\Template.php(286): Mage_Core_Block_Template->renderView()
#20 X:\home\magento.loc\www\egraphic-1-7-2\app\code\core\Mage\Core\Block\Abstract.php(863): Mage_Core_Block_Template->_toHtml()
#21 X:\home\magento.loc\www\egraphic-1-7-2\app\code\core\Mage\Core\Model\Layout.php(555): Mage_Core_Block_Abstract->toHtml()
#22 X:\home\magento.loc\www\egraphic-1-7-2\app\code\core\Mage\Core\Controller\Varien\Action.php(390): Mage_Core_Model_Layout->getOutput()
#23 X:\home\magento.loc\www\egraphic-1-7-2\app\code\core\Mage\Cms\Helper\Page.php(137): Mage_Core_Controller_Varien_Action->renderLayout()
#24 X:\home\magento.loc\www\egraphic-1-7-2\app\code\core\Mage\Cms\Helper\Page.php(52): Mage_Cms_Helper_Page->_renderPage(Object(Mage_Cms_IndexController), 'home')
#25 X:\home\magento.loc\www\egraphic-1-7-2\app\code\core\Mage\Cms\controllers\IndexController.php(45): Mage_Cms_Helper_Page->renderPage(Object(Mage_Cms_IndexController), 'home')
#26 X:\home\magento.loc\www\egraphic-1-7-2\app\code\core\Mage\Core\Controller\Varien\Action.php(419): Mage_Cms_IndexController->indexAction()
#27 X:\home\magento.loc\www\egraphic-1-7-2\app\code\core\Mage\Core\Controller\Varien\Router\Standard.php(250): Mage_Core_Controller_Varien_Action->dispatch('index')
#28 X:\home\magento.loc\www\egraphic-1-7-2\app\code\core\Mage\Core\Controller\Varien\Front.php(176): Mage_Core_Controller_Varien_Router_Standard->match(Object(Mage_Core_Controller_Request_Http))
#29 X:\home\magento.loc\www\egraphic-1-7-2\app\code\core\Mage\Core\Model\App.php(354): Mage_Core_Controller_Varien_Front->dispatch()
#30 X:\home\magento.loc\www\egraphic-1-7-2\app\Mage.php(683): Mage_Core_Model_App->run(Array)
#31 X:\home\magento.loc\www\egraphic-1-7-2\index.php(87): Mage::run('', 'store')
#32 {main}
2012-11-23T14:38:09+00:00 ERR (3): 
exception 'Mage_Core_Exception' with message 'Invalid block type: Mage_Widgets_Block_Specials' in X:\home\magento.loc\www\egraphic-1-7-2\app\Mage.php:594
Stack trace:
#0 X:\home\magento.loc\www\egraphic-1-7-2\app\code\core\Mage\Core\Model\Layout.php(495): Mage::throwException('Invalid block t...')
#1 X:\home\magento.loc\www\egraphic-1-7-2\app\code\core\Mage\Core\Model\Layout.php(437): Mage_Core_Model_Layout->_getBlockInstance('widgets/special...', Array)
#2 X:\home\magento.loc\www\egraphic-1-7-2\app\code\core\Mage\Core\Model\Email\Template\Filter.php(164): Mage_Core_Model_Layout->createBlock('widgets/special...', NULL, Array)
#3 [internal function]: Mage_Core_Model_Email_Template_Filter->blockDirective(Array)
#4 X:\home\magento.loc\www\egraphic-1-7-2\lib\Varien\Filter\Template.php(134): call_user_func(Array, Array)
#5 X:\home\magento.loc\www\egraphic-1-7-2\app\code\core\Mage\Core\Model\Email\Template\Filter.php(502): Varien_Filter_Template->filter('{{block type="w...')
#6 X:\home\magento.loc\www\egraphic-1-7-2\app\code\core\Mage\Cms\Block\Page.php(100): Mage_Core_Model_Email_Template_Filter->filter('{{block type="w...')
#7 X:\home\magento.loc\www\egraphic-1-7-2\app\code\core\Mage\Core\Block\Abstract.php(863): Mage_Cms_Block_Page->_toHtml()
#8 X:\home\magento.loc\www\egraphic-1-7-2\app\code\core\Mage\Core\Block\Abstract.php(582): Mage_Core_Block_Abstract->toHtml()
#9 X:\home\magento.loc\www\egraphic-1-7-2\app\code\core\Mage\Core\Block\Abstract.php(522): Mage_Core_Block_Abstract->_getChildHtml('cms_page', true)
#10 X:\home\magento.loc\www\egraphic-1-7-2\app\code\core\Mage\Page\Block\Html\Wrapper.php(52): Mage_Core_Block_Abstract->getChildHtml('', true, true)
#11 X:\home\magento.loc\www\egraphic-1-7-2\app\code\core\Mage\Core\Block\Abstract.php(863): Mage_Page_Block_Html_Wrapper->_toHtml()
#12 X:\home\magento.loc\www\egraphic-1-7-2\app\code\core\Mage\Core\Block\Text\List.php(43): Mage_Core_Block_Abstract->toHtml()
#13 X:\home\magento.loc\www\egraphic-1-7-2\app\code\core\Mage\Core\Block\Abstract.php(863): Mage_Core_Block_Text_List->_toHtml()
#14 X:\home\magento.loc\www\egraphic-1-7-2\app\code\core\Mage\Core\Block\Abstract.php(582): Mage_Core_Block_Abstract->toHtml()
#15 X:\home\magento.loc\www\egraphic-1-7-2\app\code\core\Mage\Core\Block\Abstract.php(526): Mage_Core_Block_Abstract->_getChildHtml('content', true)
#16 X:\home\magento.loc\www\egraphic-1-7-2\app\design\frontend\base\default\template\page\1column.phtml(48): Mage_Core_Block_Abstract->getChildHtml('content')
#17 X:\home\magento.loc\www\egraphic-1-7-2\app\code\core\Mage\Core\Block\Template.php(241): include('X:\home\magento...')
#18 X:\home\magento.loc\www\egraphic-1-7-2\app\code\core\Mage\Core\Block\Template.php(272): Mage_Core_Block_Template->fetchView('frontend\base\d...')
#19 X:\home\magento.loc\www\egraphic-1-7-2\app\code\core\Mage\Core\Block\Template.php(286): Mage_Core_Block_Template->renderView()
#20 X:\home\magento.loc\www\egraphic-1-7-2\app\code\core\Mage\Core\Block\Abstract.php(863): Mage_Core_Block_Template->_toHtml()
#21 X:\home\magento.loc\www\egraphic-1-7-2\app\code\core\Mage\Core\Model\Layout.php(555): Mage_Core_Block_Abstract->toHtml()
#22 X:\home\magento.loc\www\egraphic-1-7-2\app\code\core\Mage\Core\Controller\Varien\Action.php(390): Mage_Core_Model_Layout->getOutput()
#23 X:\home\magento.loc\www\egraphic-1-7-2\app\code\core\Mage\Cms\Helper\Page.php(137): Mage_Core_Controller_Varien_Action->renderLayout()
#24 X:\home\magento.loc\www\egraphic-1-7-2\app\code\core\Mage\Cms\Helper\Page.php(52): Mage_Cms_Helper_Page->_renderPage(Object(Mage_Cms_IndexController), 'home')
#25 X:\home\magento.loc\www\egraphic-1-7-2\app\code\core\Mage\Cms\controllers\IndexController.php(45): Mage_Cms_Helper_Page->renderPage(Object(Mage_Cms_IndexController), 'home')
#26 X:\home\magento.loc\www\egraphic-1-7-2\app\code\core\Mage\Core\Controller\Varien\Action.php(419): Mage_Cms_IndexController->indexAction()
#27 X:\home\magento.loc\www\egraphic-1-7-2\app\code\core\Mage\Core\Controller\Varien\Router\Standard.php(250): Mage_Core_Controller_Varien_Action->dispatch('index')
#28 X:\home\magento.loc\www\egraphic-1-7-2\app\code\core\Mage\Core\Controller\Varien\Front.php(176): Mage_Core_Controller_Varien_Router_Standard->match(Object(Mage_Core_Controller_Request_Http))
#29 X:\home\magento.loc\www\egraphic-1-7-2\app\code\core\Mage\Core\Model\App.php(354): Mage_Core_Controller_Varien_Front->dispatch()
#30 X:\home\magento.loc\www\egraphic-1-7-2\app\Mage.php(683): Mage_Core_Model_App->run(Array)
#31 X:\home\magento.loc\www\egraphic-1-7-2\index.php(87): Mage::run('', 'store')
#32 {main}
